{
  "test_run_id": "vendor_e2e_1757762085",
  "started_at": "2025-09-13T11:14:45.883111",
  "total_logs_sent": 9,
  "total_logs_processed": 9,
  "vendor_test_results": [
    "TestResult(vendor='cisco', device_type='switch', test_passed=True, processing_time_ms=500.94056129455566, error_message='', parsed_fields={'vendor': 'cisco', 'device_type': 'switch', 'severity': 'error', 'facility': 'LINK', 'category': 'interface', 'event_id': '', 'cruise_segment': '', 'message': '%LINK-3-UPDOWN: Interface GigabitEthernet1/1, changed state to up', 'timestamp': '2025-09-13T11:14:46.384209', 'host': 'test-device', 'ingestion_time': '2025-09-13T11:14:46.384216'})",
    "TestResult(vendor='cisco', device_type='switch', test_passed=True, processing_time_ms=500.93889236450195, error_message='', parsed_fields={'vendor': 'cisco', 'device_type': 'switch', 'severity': 'notice', 'facility': 'SYS', 'category': 'configuration', 'event_id': '', 'cruise_segment': '', 'message': '%SYS-5-CONFIG_I: Configured from console by admin on vty0', 'timestamp': '2025-09-13T11:14:47.085594', 'host': 'test-device', 'ingestion_time': '2025-09-13T11:14:47.085606'})",
    "TestResult(vendor='cisco', device_type='firewall', test_passed=True, processing_time_ms=500.9584426879883, error_message='', parsed_fields={'vendor': 'cisco', 'device_type': 'firewall', 'severity': 'info', 'facility': '', 'category': 'connection', 'event_id': '302014', 'cruise_segment': '', 'message': '%ASA-6-302014: Teardown TCP connection 123456 for outside:192.168.1.100/443 to inside:10.1.1.50/35628 duration 0:05:30 bytes 2048 (admin)', 'timestamp': '2025-09-13T11:14:47.787049', 'host': 'test-device', 'ingestion_time': '2025-09-13T11:14:47.787060'})",
    "TestResult(vendor='juniper', device_type='router', test_passed=True, processing_time_ms=500.95367431640625, error_message='', parsed_fields={'vendor': 'juniper', 'device_type': 'router', 'severity': 'info', 'facility': 'rpd', 'category': 'bgp', 'event_id': '', 'cruise_segment': '', 'message': 'rpd.info: BGP peer 10.1.1.1 (External AS 65001) changed state from Established to Idle (Event: RecvNotify)', 'timestamp': '2025-09-13T11:14:48.488530', 'host': 'test-device', 'ingestion_time': '2025-09-13T11:14:48.488542'})",
    "TestResult(vendor='juniper', device_type='switch', test_passed=True, processing_time_ms=500.98133087158203, error_message='', parsed_fields={'vendor': 'juniper', 'device_type': 'switch', 'severity': 'warning', 'facility': 'chassisd', 'category': 'snmp', 'event_id': '', 'cruise_segment': '', 'message': 'chassisd.warning: SNMP request failed for interface ge-0/0/1', 'timestamp': '2025-09-13T11:14:49.190096', 'host': 'test-device', 'ingestion_time': '2025-09-13T11:14:49.190108'})",
    "TestResult(vendor='fortinet', device_type='firewall', test_passed=True, processing_time_ms=500.9143352508545, error_message='', parsed_fields={'vendor': 'fortinet', 'device_type': 'firewall', 'severity': 'notice', 'facility': '', 'category': 'traffic', 'event_id': '0000000013', 'cruise_segment': '', 'message': 'date=2024-01-15 time=14:30:25 devname=\"FortiGate-VM64\" devid=\"FGT60E1234567890\" logid=\"0000000013\" type=\"traffic\" subtype=\"forward\" level=\"notice\" vd=\"root\" eventtime=1705327825 srcip=192.168.1.100 srcport=35628 dstip=8.8.8.8 dstport=53 action=\"accept\" policyid=1', 'timestamp': '2025-09-13T11:14:49.891474', 'host': 'test-device', 'ingestion_time': '2025-09-13T11:14:49.891486'})",
    "TestResult(vendor='aruba', device_type='wireless_controller', test_passed=True, processing_time_ms=500.97107887268066, error_message='', parsed_fields={'vendor': 'aruba', 'device_type': 'wireless_controller', 'severity': 'info', 'facility': '', 'category': 'wireless', 'event_id': '', 'cruise_segment': 'navigation', 'message': '<134>Jan 15 14:30:25 wlc-bridge sapd[2156]: Station aa:bb:cc:dd:ee:ff associated to AP ap-guest-01 on channel 6', 'timestamp': '2025-09-13T11:14:50.592979', 'host': 'test-device', 'ingestion_time': '2025-09-13T11:14:50.592990'})",
    "TestResult(vendor='microsoft', device_type='server', test_passed=True, processing_time_ms=500.9424686431885, error_message='', parsed_fields={'vendor': 'microsoft', 'device_type': 'server', 'severity': 'info', 'facility': '', 'category': 'security', 'event_id': '4624', 'cruise_segment': 'navigation', 'message': '{\"timestamp\":\"2024-01-15T14:30:25.123Z\",\"level\":\"Information\",\"message\":\"User login successful\",\"source\":\"Microsoft-Windows-Security-Auditing\",\"event_id\":\"4624\",\"computer\":\"server-bridge-01\",\"user\":\"admin\"}', 'timestamp': '2025-09-13T11:14:51.294489', 'host': 'test-device', 'ingestion_time': '2025-09-13T11:14:51.294497'})",
    "TestResult(vendor='generic', device_type='switch', test_passed=True, processing_time_ms=500.8721351623535, error_message='', parsed_fields={'vendor': 'generic', 'device_type': 'switch', 'severity': 'info', 'facility': '', 'category': 'security', 'event_id': '', 'cruise_segment': 'propulsion', 'message': '<166>Jan 15 14:30:25 sw-engine-01 PORT-SECURITY: MAC address aa:bb:cc:dd:ee:ff on port 12 security violation', 'timestamp': '2025-09-13T11:14:51.995814', 'host': 'test-device', 'ingestion_time': '2025-09-13T11:14:51.995821'})"
  ],
  "success_rate": 100.0,
  "errors": [],
  "performance_metrics": {
    "avg_processing_time_ms": 500.9414354960124,
    "min_processing_time_ms": 500.8721351623535,
    "max_processing_time_ms": 500.98133087158203
  },
  "completed_at": "2025-09-13T11:14:52.196456",
  "total_duration_seconds": 6.313229560852051
}